2022-10-29 19:19:32,185 DEBUG [TestNG-tests-1] BasicClientConnectionManager:161 - Get connection for route {s}->https://dummy.restapiexample.com:443
2022-10-29 19:19:32,252 DEBUG [TestNG-tests-1] DefaultClientConnectionOperator:177 - Connecting to dummy.restapiexample.com:443
2022-10-29 19:19:32,459 DEBUG [TestNG-tests-1] RequestAddCookies:123 - CookieSpec selected: ignoreCookies
2022-10-29 19:19:32,460 DEBUG [TestNG-tests-1] RequestAuthCache:77 - Auth cache not set in the context
2022-10-29 19:19:32,461 DEBUG [TestNG-tests-1] RequestTargetAuthentication:80 - Target auth state: UNCHALLENGED
2022-10-29 19:19:32,462 DEBUG [TestNG-tests-1] RequestProxyAuthentication:89 - Proxy auth state: UNCHALLENGED
2022-10-29 19:19:32,462 DEBUG [TestNG-tests-1] DefaultHttpClient:677 - Attempt 1 to execute request
2022-10-29 19:19:32,462 DEBUG [TestNG-tests-1] DefaultClientConnection:274 - Sending request: POST /api/v1/create HTTP/1.1
2022-10-29 19:19:32,463 DEBUG [TestNG-tests-1] wire:73 -  >> "POST /api/v1/create HTTP/1.1[\r][\n]"
2022-10-29 19:19:32,464 DEBUG [TestNG-tests-1] wire:73 -  >> "Accept: */*[\r][\n]"
2022-10-29 19:19:32,464 DEBUG [TestNG-tests-1] wire:73 -  >> "Content-Type: text/plain; charset=ISO-8859-1[\r][\n]"
2022-10-29 19:19:32,464 DEBUG [TestNG-tests-1] wire:73 -  >> "Content-Length: 43[\r][\n]"
2022-10-29 19:19:32,464 DEBUG [TestNG-tests-1] wire:73 -  >> "Host: dummy.restapiexample.com[\r][\n]"
2022-10-29 19:19:32,464 DEBUG [TestNG-tests-1] wire:73 -  >> "Connection: Keep-Alive[\r][\n]"
2022-10-29 19:19:32,466 DEBUG [TestNG-tests-1] wire:73 -  >> "User-Agent: Apache-HttpClient/4.5.13 (Java/17.0.4.1)[\r][\n]"
2022-10-29 19:19:32,466 DEBUG [TestNG-tests-1] wire:73 -  >> "Accept-Encoding: gzip,deflate[\r][\n]"
2022-10-29 19:19:32,467 DEBUG [TestNG-tests-1] wire:73 -  >> "[\r][\n]"
2022-10-29 19:19:32,467 DEBUG [TestNG-tests-1] headers:278 - >> POST /api/v1/create HTTP/1.1
2022-10-29 19:19:32,468 DEBUG [TestNG-tests-1] headers:281 - >> Accept: */*
2022-10-29 19:19:32,468 DEBUG [TestNG-tests-1] headers:281 - >> Content-Type: text/plain; charset=ISO-8859-1
2022-10-29 19:19:32,468 DEBUG [TestNG-tests-1] headers:281 - >> Content-Length: 43
2022-10-29 19:19:32,468 DEBUG [TestNG-tests-1] headers:281 - >> Host: dummy.restapiexample.com
2022-10-29 19:19:32,469 DEBUG [TestNG-tests-1] headers:281 - >> Connection: Keep-Alive
2022-10-29 19:19:32,469 DEBUG [TestNG-tests-1] headers:281 - >> User-Agent: Apache-HttpClient/4.5.13 (Java/17.0.4.1)
2022-10-29 19:19:32,469 DEBUG [TestNG-tests-1] headers:281 - >> Accept-Encoding: gzip,deflate
2022-10-29 19:19:32,470 DEBUG [TestNG-tests-1] wire:87 -  >> "{"name":"hari3","salary":"1212","age":"63"}"
2022-10-29 19:19:33,353 DEBUG [TestNG-tests-1] wire:73 -  << "HTTP/1.1 200 OK[\r][\n]"
2022-10-29 19:19:33,356 DEBUG [TestNG-tests-1] wire:73 -  << "Cache-Control: no-cache, private, max-age=21600[\r][\n]"
2022-10-29 19:19:33,356 DEBUG [TestNG-tests-1] wire:73 -  << "Content-Type: application/json[\r][\n]"
2022-10-29 19:19:33,357 DEBUG [TestNG-tests-1] wire:73 -  << "Date: Sat, 29 Oct 2022 13:49:36 GMT[\r][\n]"
2022-10-29 19:19:33,358 DEBUG [TestNG-tests-1] wire:73 -  << "Display: staticcontent_sol[\r][\n]"
2022-10-29 19:19:33,358 DEBUG [TestNG-tests-1] wire:73 -  << "Expires: Sat, 29 Oct 2022 19:49:36 GMT[\r][\n]"
2022-10-29 19:19:33,359 DEBUG [TestNG-tests-1] wire:73 -  << "Host-Header: c2hhcmVkLmJsdWVob3N0LmNvbQ==[\r][\n]"
2022-10-29 19:19:33,360 DEBUG [TestNG-tests-1] wire:73 -  << "Response: 200[\r][\n]"
2022-10-29 19:19:33,360 DEBUG [TestNG-tests-1] wire:73 -  << "Server: Apache[\r][\n]"
2022-10-29 19:19:33,360 DEBUG [TestNG-tests-1] wire:73 -  << "Vary: Accept-Encoding,Origin[\r][\n]"
2022-10-29 19:19:33,360 DEBUG [TestNG-tests-1] wire:73 -  << "X-Endurance-Cache-Level: 2[\r][\n]"
2022-10-29 19:19:33,361 DEBUG [TestNG-tests-1] wire:73 -  << "X-Ezoic-Cdn: Miss[\r][\n]"
2022-10-29 19:19:33,361 DEBUG [TestNG-tests-1] wire:73 -  << "X-Middleton-Display: staticcontent_sol[\r][\n]"
2022-10-29 19:19:33,362 DEBUG [TestNG-tests-1] wire:73 -  << "X-Middleton-Response: 200[\r][\n]"
2022-10-29 19:19:33,362 DEBUG [TestNG-tests-1] wire:73 -  << "X-Nginx-Cache: WordPress[\r][\n]"
2022-10-29 19:19:33,363 DEBUG [TestNG-tests-1] wire:73 -  << "X-Origin-Cache-Control: no-cache, private[\r][\n]"
2022-10-29 19:19:33,363 DEBUG [TestNG-tests-1] wire:73 -  << "X-Ratelimit-Limit: 60[\r][\n]"
2022-10-29 19:19:33,363 DEBUG [TestNG-tests-1] wire:73 -  << "X-Ratelimit-Remaining: 58[\r][\n]"
2022-10-29 19:19:33,363 DEBUG [TestNG-tests-1] wire:73 -  << "X-Sol: pub_site[\r][\n]"
2022-10-29 19:19:33,364 DEBUG [TestNG-tests-1] wire:73 -  << "Content-Length: 88[\r][\n]"
2022-10-29 19:19:33,364 DEBUG [TestNG-tests-1] wire:73 -  << "[\r][\n]"
2022-10-29 19:19:33,365 DEBUG [TestNG-tests-1] DefaultClientConnection:259 - Receiving response: HTTP/1.1 200 OK
2022-10-29 19:19:33,365 DEBUG [TestNG-tests-1] headers:262 - << HTTP/1.1 200 OK
2022-10-29 19:19:33,365 DEBUG [TestNG-tests-1] headers:265 - << Cache-Control: no-cache, private, max-age=21600
2022-10-29 19:19:33,365 DEBUG [TestNG-tests-1] headers:265 - << Content-Type: application/json
2022-10-29 19:19:33,366 DEBUG [TestNG-tests-1] headers:265 - << Date: Sat, 29 Oct 2022 13:49:36 GMT
2022-10-29 19:19:33,366 DEBUG [TestNG-tests-1] headers:265 - << Display: staticcontent_sol
2022-10-29 19:19:33,366 DEBUG [TestNG-tests-1] headers:265 - << Expires: Sat, 29 Oct 2022 19:49:36 GMT
2022-10-29 19:19:33,366 DEBUG [TestNG-tests-1] headers:265 - << Host-Header: c2hhcmVkLmJsdWVob3N0LmNvbQ==
2022-10-29 19:19:33,366 DEBUG [TestNG-tests-1] headers:265 - << Response: 200
2022-10-29 19:19:33,366 DEBUG [TestNG-tests-1] headers:265 - << Server: Apache
2022-10-29 19:19:33,367 DEBUG [TestNG-tests-1] headers:265 - << Vary: Accept-Encoding,Origin
2022-10-29 19:19:33,367 DEBUG [TestNG-tests-1] headers:265 - << X-Endurance-Cache-Level: 2
2022-10-29 19:19:33,367 DEBUG [TestNG-tests-1] headers:265 - << X-Ezoic-Cdn: Miss
2022-10-29 19:19:33,367 DEBUG [TestNG-tests-1] headers:265 - << X-Middleton-Display: staticcontent_sol
2022-10-29 19:19:33,368 DEBUG [TestNG-tests-1] headers:265 - << X-Middleton-Response: 200
2022-10-29 19:19:33,368 DEBUG [TestNG-tests-1] headers:265 - << X-Nginx-Cache: WordPress
2022-10-29 19:19:33,368 DEBUG [TestNG-tests-1] headers:265 - << X-Origin-Cache-Control: no-cache, private
2022-10-29 19:19:33,369 DEBUG [TestNG-tests-1] headers:265 - << X-Ratelimit-Limit: 60
2022-10-29 19:19:33,369 DEBUG [TestNG-tests-1] headers:265 - << X-Ratelimit-Remaining: 58
2022-10-29 19:19:33,369 DEBUG [TestNG-tests-1] headers:265 - << X-Sol: pub_site
2022-10-29 19:19:33,369 DEBUG [TestNG-tests-1] headers:265 - << Content-Length: 88
2022-10-29 19:19:33,373 DEBUG [TestNG-tests-1] DefaultHttpClient:504 - Connection can be kept alive indefinitely
2022-10-29 19:19:33,378 DEBUG [TestNG-tests-1] RestAssuredHttpBuilder:553 - Parsing response as: application/json
2022-10-29 19:19:33,379 DEBUG [TestNG-tests-1] RestAssuredHttpBuilder:556 - Parsed data to instance of: class org.apache.http.conn.EofSensorInputStream
2022-10-29 19:19:33,398 DEBUG [TestNG-tests-1] wire:87 -  << "{"status":"success","data":{"id":2997},"message":"Successfully! Record has been added."}"
2022-10-29 19:19:33,399 DEBUG [TestNG-tests-1] BasicClientConnectionManager:200 - Releasing connection org.apache.http.impl.conn.ManagedClientConnectionImpl@650f117d
2022-10-29 19:19:33,399 DEBUG [TestNG-tests-1] BasicClientConnectionManager:225 - Connection can be kept alive indefinitely
2022-10-29 19:20:03,806 DEBUG [TestNG-tests-1] cache:45 - Couldn't find template in cache for "spark/spark.spa.ftl"("en_IN", UTF-8, parsed); will try to load it.
2022-10-29 19:20:03,807 DEBUG [TestNG-tests-1] cache:45 - TemplateLoader.findTemplateSource("spark/spark.spa_en_IN.ftl"): Not found
2022-10-29 19:20:03,808 DEBUG [TestNG-tests-1] cache:45 - TemplateLoader.findTemplateSource("spark/spark.spa_en.ftl"): Not found
2022-10-29 19:20:03,809 DEBUG [TestNG-tests-1] cache:45 - TemplateLoader.findTemplateSource("spark/spark.spa.ftl"): Found
2022-10-29 19:20:03,809 DEBUG [TestNG-tests-1] cache:45 - Loading template for "spark/spark.spa.ftl"("en_IN", UTF-8, parsed) from "jar:file:/C:/Users/0167391/.m2/repository/com/aventstack/extentreports/5.0.9/extentreports-5.0.9.jar!/com/aventstack/extentreports/templates/spark/spark.spa.ftl"
2022-10-29 19:20:03,850 DEBUG [TestNG-tests-1] cache:45 - Couldn't find template in cache for "commons/commons-variables.ftl"("en_IN", UTF-8, parsed); will try to load it.
2022-10-29 19:20:03,851 DEBUG [TestNG-tests-1] cache:45 - TemplateLoader.findTemplateSource("commons/commons-variables_en_IN.ftl"): Not found
2022-10-29 19:20:03,851 DEBUG [TestNG-tests-1] cache:45 - TemplateLoader.findTemplateSource("commons/commons-variables_en.ftl"): Not found
2022-10-29 19:20:03,852 DEBUG [TestNG-tests-1] cache:45 - TemplateLoader.findTemplateSource("commons/commons-variables.ftl"): Found
2022-10-29 19:20:03,852 DEBUG [TestNG-tests-1] cache:45 - Loading template for "commons/commons-variables.ftl"("en_IN", UTF-8, parsed) from "jar:file:/C:/Users/0167391/.m2/repository/com/aventstack/extentreports/5.0.9/extentreports-5.0.9.jar!/com/aventstack/extentreports/templates/commons/commons-variables.ftl"
2022-10-29 19:20:03,905 DEBUG [TestNG-tests-1] cache:45 - Couldn't find template in cache for "commons/commons-macros.ftl"("en_IN", UTF-8, parsed); will try to load it.
2022-10-29 19:20:03,906 DEBUG [TestNG-tests-1] cache:45 - TemplateLoader.findTemplateSource("commons/commons-macros_en_IN.ftl"): Not found
2022-10-29 19:20:03,906 DEBUG [TestNG-tests-1] cache:45 - TemplateLoader.findTemplateSource("commons/commons-macros_en.ftl"): Not found
2022-10-29 19:20:03,907 DEBUG [TestNG-tests-1] cache:45 - TemplateLoader.findTemplateSource("commons/commons-macros.ftl"): Found
2022-10-29 19:20:03,907 DEBUG [TestNG-tests-1] cache:45 - Loading template for "commons/commons-macros.ftl"("en_IN", UTF-8, parsed) from "jar:file:/C:/Users/0167391/.m2/repository/com/aventstack/extentreports/5.0.9/extentreports-5.0.9.jar!/com/aventstack/extentreports/templates/commons/commons-macros.ftl"
2022-10-29 19:20:03,910 DEBUG [TestNG-tests-1] cache:45 - Couldn't find template in cache for "spark/macros/attributes.ftl"("en_IN", UTF-8, parsed); will try to load it.
2022-10-29 19:20:03,911 DEBUG [TestNG-tests-1] cache:45 - TemplateLoader.findTemplateSource("spark/macros/attributes_en_IN.ftl"): Not found
2022-10-29 19:20:03,911 DEBUG [TestNG-tests-1] cache:45 - TemplateLoader.findTemplateSource("spark/macros/attributes_en.ftl"): Not found
2022-10-29 19:20:03,911 DEBUG [TestNG-tests-1] cache:45 - TemplateLoader.findTemplateSource("spark/macros/attributes.ftl"): Found
2022-10-29 19:20:03,912 DEBUG [TestNG-tests-1] cache:45 - Loading template for "spark/macros/attributes.ftl"("en_IN", UTF-8, parsed) from "jar:file:/C:/Users/0167391/.m2/repository/com/aventstack/extentreports/5.0.9/extentreports-5.0.9.jar!/com/aventstack/extentreports/templates/spark/macros/attributes.ftl"
2022-10-29 19:20:03,913 DEBUG [TestNG-tests-1] cache:45 - Couldn't find template in cache for "spark/macros/log.ftl"("en_IN", UTF-8, parsed); will try to load it.
2022-10-29 19:20:03,913 DEBUG [TestNG-tests-1] cache:45 - TemplateLoader.findTemplateSource("spark/macros/log_en_IN.ftl"): Not found
2022-10-29 19:20:03,914 DEBUG [TestNG-tests-1] cache:45 - TemplateLoader.findTemplateSource("spark/macros/log_en.ftl"): Not found
2022-10-29 19:20:03,914 DEBUG [TestNG-tests-1] cache:45 - TemplateLoader.findTemplateSource("spark/macros/log.ftl"): Found
2022-10-29 19:20:03,914 DEBUG [TestNG-tests-1] cache:45 - Loading template for "spark/macros/log.ftl"("en_IN", UTF-8, parsed) from "jar:file:/C:/Users/0167391/.m2/repository/com/aventstack/extentreports/5.0.9/extentreports-5.0.9.jar!/com/aventstack/extentreports/templates/spark/macros/log.ftl"
2022-10-29 19:20:03,915 DEBUG [TestNG-tests-1] cache:45 - Couldn't find template in cache for "spark/macros/recurse_nodes.ftl"("en_IN", UTF-8, parsed); will try to load it.
2022-10-29 19:20:03,916 DEBUG [TestNG-tests-1] cache:45 - TemplateLoader.findTemplateSource("spark/macros/recurse_nodes_en_IN.ftl"): Not found
2022-10-29 19:20:03,916 DEBUG [TestNG-tests-1] cache:45 - TemplateLoader.findTemplateSource("spark/macros/recurse_nodes_en.ftl"): Not found
2022-10-29 19:20:03,916 DEBUG [TestNG-tests-1] cache:45 - TemplateLoader.findTemplateSource("spark/macros/recurse_nodes.ftl"): Found
2022-10-29 19:20:03,916 DEBUG [TestNG-tests-1] cache:45 - Loading template for "spark/macros/recurse_nodes.ftl"("en_IN", UTF-8, parsed) from "jar:file:/C:/Users/0167391/.m2/repository/com/aventstack/extentreports/5.0.9/extentreports-5.0.9.jar!/com/aventstack/extentreports/templates/spark/macros/recurse_nodes.ftl"
2022-10-29 19:20:03,918 DEBUG [TestNG-tests-1] cache:45 - "spark/macros/log.ftl"("en_IN", UTF-8, parsed) cached copy not yet stale; using cached.
2022-10-29 19:20:03,919 DEBUG [TestNG-tests-1] cache:45 - Couldn't find template in cache for "spark/macros/attr-common.ftl"("en_IN", UTF-8, parsed); will try to load it.
2022-10-29 19:20:03,919 DEBUG [TestNG-tests-1] cache:45 - TemplateLoader.findTemplateSource("spark/macros/attr-common_en_IN.ftl"): Not found
2022-10-29 19:20:03,919 DEBUG [TestNG-tests-1] cache:45 - TemplateLoader.findTemplateSource("spark/macros/attr-common_en.ftl"): Not found
2022-10-29 19:20:03,919 DEBUG [TestNG-tests-1] cache:45 - TemplateLoader.findTemplateSource("spark/macros/attr-common.ftl"): Found
2022-10-29 19:20:03,920 DEBUG [TestNG-tests-1] cache:45 - Loading template for "spark/macros/attr-common.ftl"("en_IN", UTF-8, parsed) from "jar:file:/C:/Users/0167391/.m2/repository/com/aventstack/extentreports/5.0.9/extentreports-5.0.9.jar!/com/aventstack/extentreports/templates/spark/macros/attr-common.ftl"
2022-10-29 19:20:03,925 DEBUG [TestNG-tests-1] cache:45 - Couldn't find template in cache for "spark/partials/head.ftl"("en_IN", UTF-8, parsed); will try to load it.
2022-10-29 19:20:03,926 DEBUG [TestNG-tests-1] cache:45 - TemplateLoader.findTemplateSource("spark/partials/head_en_IN.ftl"): Not found
2022-10-29 19:20:03,926 DEBUG [TestNG-tests-1] cache:45 - TemplateLoader.findTemplateSource("spark/partials/head_en.ftl"): Not found
2022-10-29 19:20:03,927 DEBUG [TestNG-tests-1] cache:45 - TemplateLoader.findTemplateSource("spark/partials/head.ftl"): Found
2022-10-29 19:20:03,927 DEBUG [TestNG-tests-1] cache:45 - Loading template for "spark/partials/head.ftl"("en_IN", UTF-8, parsed) from "jar:file:/C:/Users/0167391/.m2/repository/com/aventstack/extentreports/5.0.9/extentreports-5.0.9.jar!/com/aventstack/extentreports/templates/spark/partials/head.ftl"
2022-10-29 19:20:03,930 DEBUG [TestNG-tests-1] cache:45 - Couldn't find template in cache for "commons/commons-inject-css.ftl"("en_IN", UTF-8, parsed); will try to load it.
2022-10-29 19:20:03,931 DEBUG [TestNG-tests-1] cache:45 - TemplateLoader.findTemplateSource("commons/commons-inject-css_en_IN.ftl"): Not found
2022-10-29 19:20:03,931 DEBUG [TestNG-tests-1] cache:45 - TemplateLoader.findTemplateSource("commons/commons-inject-css_en.ftl"): Not found
2022-10-29 19:20:03,932 DEBUG [TestNG-tests-1] cache:45 - TemplateLoader.findTemplateSource("commons/commons-inject-css.ftl"): Found
2022-10-29 19:20:03,932 DEBUG [TestNG-tests-1] cache:45 - Loading template for "commons/commons-inject-css.ftl"("en_IN", UTF-8, parsed) from "jar:file:/C:/Users/0167391/.m2/repository/com/aventstack/extentreports/5.0.9/extentreports-5.0.9.jar!/com/aventstack/extentreports/templates/commons/commons-inject-css.ftl"
2022-10-29 19:20:03,933 DEBUG [TestNG-tests-1] cache:45 - Couldn't find template in cache for "spark/partials/navbar.ftl"("en_IN", UTF-8, parsed); will try to load it.
2022-10-29 19:20:03,933 DEBUG [TestNG-tests-1] cache:45 - TemplateLoader.findTemplateSource("spark/partials/navbar_en_IN.ftl"): Not found
2022-10-29 19:20:03,934 DEBUG [TestNG-tests-1] cache:45 - TemplateLoader.findTemplateSource("spark/partials/navbar_en.ftl"): Not found
2022-10-29 19:20:03,934 DEBUG [TestNG-tests-1] cache:45 - TemplateLoader.findTemplateSource("spark/partials/navbar.ftl"): Found
2022-10-29 19:20:03,934 DEBUG [TestNG-tests-1] cache:45 - Loading template for "spark/partials/navbar.ftl"("en_IN", UTF-8, parsed) from "jar:file:/C:/Users/0167391/.m2/repository/com/aventstack/extentreports/5.0.9/extentreports-5.0.9.jar!/com/aventstack/extentreports/templates/spark/partials/navbar.ftl"
2022-10-29 19:20:03,939 DEBUG [TestNG-tests-1] cache:45 - Couldn't find template in cache for "spark/partials/sidenav.ftl"("en_IN", UTF-8, parsed); will try to load it.
2022-10-29 19:20:03,939 DEBUG [TestNG-tests-1] cache:45 - TemplateLoader.findTemplateSource("spark/partials/sidenav_en_IN.ftl"): Not found
2022-10-29 19:20:03,940 DEBUG [TestNG-tests-1] cache:45 - TemplateLoader.findTemplateSource("spark/partials/sidenav_en.ftl"): Not found
2022-10-29 19:20:03,940 DEBUG [TestNG-tests-1] cache:45 - TemplateLoader.findTemplateSource("spark/partials/sidenav.ftl"): Found
2022-10-29 19:20:03,940 DEBUG [TestNG-tests-1] cache:45 - Loading template for "spark/partials/sidenav.ftl"("en_IN", UTF-8, parsed) from "jar:file:/C:/Users/0167391/.m2/repository/com/aventstack/extentreports/5.0.9/extentreports-5.0.9.jar!/com/aventstack/extentreports/templates/spark/partials/sidenav.ftl"
2022-10-29 19:20:03,947 DEBUG [TestNG-tests-1] cache:45 - Couldn't find template in cache for "spark/partials/test.ftl"("en_IN", UTF-8, parsed); will try to load it.
2022-10-29 19:20:03,947 DEBUG [TestNG-tests-1] cache:45 - TemplateLoader.findTemplateSource("spark/partials/test_en_IN.ftl"): Not found
2022-10-29 19:20:03,948 DEBUG [TestNG-tests-1] cache:45 - TemplateLoader.findTemplateSource("spark/partials/test_en.ftl"): Not found
2022-10-29 19:20:03,948 DEBUG [TestNG-tests-1] cache:45 - TemplateLoader.findTemplateSource("spark/partials/test.ftl"): Found
2022-10-29 19:20:03,948 DEBUG [TestNG-tests-1] cache:45 - Loading template for "spark/partials/test.ftl"("en_IN", UTF-8, parsed) from "jar:file:/C:/Users/0167391/.m2/repository/com/aventstack/extentreports/5.0.9/extentreports-5.0.9.jar!/com/aventstack/extentreports/templates/spark/partials/test.ftl"
2022-10-29 19:20:03,958 DEBUG [TestNG-tests-1] cache:45 - Couldn't find template in cache for "spark/partials/standard-content.ftl"("en_IN", UTF-8, parsed); will try to load it.
2022-10-29 19:20:03,958 DEBUG [TestNG-tests-1] cache:45 - TemplateLoader.findTemplateSource("spark/partials/standard-content_en_IN.ftl"): Not found
2022-10-29 19:20:03,959 DEBUG [TestNG-tests-1] cache:45 - TemplateLoader.findTemplateSource("spark/partials/standard-content_en.ftl"): Not found
2022-10-29 19:20:03,959 DEBUG [TestNG-tests-1] cache:45 - TemplateLoader.findTemplateSource("spark/partials/standard-content.ftl"): Found
2022-10-29 19:20:03,959 DEBUG [TestNG-tests-1] cache:45 - Loading template for "spark/partials/standard-content.ftl"("en_IN", UTF-8, parsed) from "jar:file:/C:/Users/0167391/.m2/repository/com/aventstack/extentreports/5.0.9/extentreports-5.0.9.jar!/com/aventstack/extentreports/templates/spark/partials/standard-content.ftl"
2022-10-29 19:20:03,963 DEBUG [TestNG-tests-1] cache:45 - "spark/partials/standard-content.ftl"("en_IN", UTF-8, parsed) cached copy not yet stale; using cached.
2022-10-29 19:20:03,965 DEBUG [TestNG-tests-1] cache:45 - "spark/partials/standard-content.ftl"("en_IN", UTF-8, parsed) cached copy not yet stale; using cached.
2022-10-29 19:20:03,965 DEBUG [TestNG-tests-1] cache:45 - Couldn't find template in cache for "spark/partials/exception.ftl"("en_IN", UTF-8, parsed); will try to load it.
2022-10-29 19:20:03,965 DEBUG [TestNG-tests-1] cache:45 - TemplateLoader.findTemplateSource("spark/partials/exception_en_IN.ftl"): Not found
2022-10-29 19:20:03,966 DEBUG [TestNG-tests-1] cache:45 - TemplateLoader.findTemplateSource("spark/partials/exception_en.ftl"): Not found
2022-10-29 19:20:03,966 DEBUG [TestNG-tests-1] cache:45 - TemplateLoader.findTemplateSource("spark/partials/exception.ftl"): Found
2022-10-29 19:20:03,966 DEBUG [TestNG-tests-1] cache:45 - Loading template for "spark/partials/exception.ftl"("en_IN", UTF-8, parsed) from "jar:file:/C:/Users/0167391/.m2/repository/com/aventstack/extentreports/5.0.9/extentreports-5.0.9.jar!/com/aventstack/extentreports/templates/spark/partials/exception.ftl"
2022-10-29 19:20:03,968 DEBUG [TestNG-tests-1] cache:45 - Couldn't find template in cache for "spark/partials/category.ftl"("en_IN", UTF-8, parsed); will try to load it.
2022-10-29 19:20:03,968 DEBUG [TestNG-tests-1] cache:45 - TemplateLoader.findTemplateSource("spark/partials/category_en_IN.ftl"): Not found
2022-10-29 19:20:03,969 DEBUG [TestNG-tests-1] cache:45 - TemplateLoader.findTemplateSource("spark/partials/category_en.ftl"): Not found
2022-10-29 19:20:03,969 DEBUG [TestNG-tests-1] cache:45 - TemplateLoader.findTemplateSource("spark/partials/category.ftl"): Found
2022-10-29 19:20:03,969 DEBUG [TestNG-tests-1] cache:45 - Loading template for "spark/partials/category.ftl"("en_IN", UTF-8, parsed) from "jar:file:/C:/Users/0167391/.m2/repository/com/aventstack/extentreports/5.0.9/extentreports-5.0.9.jar!/com/aventstack/extentreports/templates/spark/partials/category.ftl"
2022-10-29 19:20:03,971 DEBUG [TestNG-tests-1] cache:45 - Couldn't find template in cache for "spark/partials/device.ftl"("en_IN", UTF-8, parsed); will try to load it.
2022-10-29 19:20:03,972 DEBUG [TestNG-tests-1] cache:45 - TemplateLoader.findTemplateSource("spark/partials/device_en_IN.ftl"): Not found
2022-10-29 19:20:03,972 DEBUG [TestNG-tests-1] cache:45 - TemplateLoader.findTemplateSource("spark/partials/device_en.ftl"): Not found
2022-10-29 19:20:03,972 DEBUG [TestNG-tests-1] cache:45 - TemplateLoader.findTemplateSource("spark/partials/device.ftl"): Found
2022-10-29 19:20:03,973 DEBUG [TestNG-tests-1] cache:45 - Loading template for "spark/partials/device.ftl"("en_IN", UTF-8, parsed) from "jar:file:/C:/Users/0167391/.m2/repository/com/aventstack/extentreports/5.0.9/extentreports-5.0.9.jar!/com/aventstack/extentreports/templates/spark/partials/device.ftl"
2022-10-29 19:20:03,974 DEBUG [TestNG-tests-1] cache:45 - Couldn't find template in cache for "spark/partials/author.ftl"("en_IN", UTF-8, parsed); will try to load it.
2022-10-29 19:20:03,975 DEBUG [TestNG-tests-1] cache:45 - TemplateLoader.findTemplateSource("spark/partials/author_en_IN.ftl"): Not found
2022-10-29 19:20:03,975 DEBUG [TestNG-tests-1] cache:45 - TemplateLoader.findTemplateSource("spark/partials/author_en.ftl"): Not found
2022-10-29 19:20:03,975 DEBUG [TestNG-tests-1] cache:45 - TemplateLoader.findTemplateSource("spark/partials/author.ftl"): Found
2022-10-29 19:20:03,976 DEBUG [TestNG-tests-1] cache:45 - Loading template for "spark/partials/author.ftl"("en_IN", UTF-8, parsed) from "jar:file:/C:/Users/0167391/.m2/repository/com/aventstack/extentreports/5.0.9/extentreports-5.0.9.jar!/com/aventstack/extentreports/templates/spark/partials/author.ftl"
2022-10-29 19:20:03,977 DEBUG [TestNG-tests-1] cache:45 - Couldn't find template in cache for "spark/partials/log.ftl"("en_IN", UTF-8, parsed); will try to load it.
2022-10-29 19:20:03,978 DEBUG [TestNG-tests-1] cache:45 - TemplateLoader.findTemplateSource("spark/partials/log_en_IN.ftl"): Not found
2022-10-29 19:20:03,978 DEBUG [TestNG-tests-1] cache:45 - TemplateLoader.findTemplateSource("spark/partials/log_en.ftl"): Not found
2022-10-29 19:20:03,979 DEBUG [TestNG-tests-1] cache:45 - TemplateLoader.findTemplateSource("spark/partials/log.ftl"): Found
2022-10-29 19:20:03,979 DEBUG [TestNG-tests-1] cache:45 - Loading template for "spark/partials/log.ftl"("en_IN", UTF-8, parsed) from "jar:file:/C:/Users/0167391/.m2/repository/com/aventstack/extentreports/5.0.9/extentreports-5.0.9.jar!/com/aventstack/extentreports/templates/spark/partials/log.ftl"
2022-10-29 19:20:03,980 DEBUG [TestNG-tests-1] cache:45 - Couldn't find template in cache for "spark/partials/dashboard.ftl"("en_IN", UTF-8, parsed); will try to load it.
2022-10-29 19:20:03,980 DEBUG [TestNG-tests-1] cache:45 - TemplateLoader.findTemplateSource("spark/partials/dashboard_en_IN.ftl"): Not found
2022-10-29 19:20:03,981 DEBUG [TestNG-tests-1] cache:45 - TemplateLoader.findTemplateSource("spark/partials/dashboard_en.ftl"): Not found
2022-10-29 19:20:03,981 DEBUG [TestNG-tests-1] cache:45 - TemplateLoader.findTemplateSource("spark/partials/dashboard.ftl"): Found
2022-10-29 19:20:03,981 DEBUG [TestNG-tests-1] cache:45 - Loading template for "spark/partials/dashboard.ftl"("en_IN", UTF-8, parsed) from "jar:file:/C:/Users/0167391/.m2/repository/com/aventstack/extentreports/5.0.9/extentreports-5.0.9.jar!/com/aventstack/extentreports/templates/spark/partials/dashboard.ftl"
2022-10-29 19:20:03,998 DEBUG [TestNG-tests-1] cache:45 - Couldn't find template in cache for "spark/partials/scripts.ftl"("en_IN", UTF-8, parsed); will try to load it.
2022-10-29 19:20:03,998 DEBUG [TestNG-tests-1] cache:45 - TemplateLoader.findTemplateSource("spark/partials/scripts_en_IN.ftl"): Not found
2022-10-29 19:20:03,999 DEBUG [TestNG-tests-1] cache:45 - TemplateLoader.findTemplateSource("spark/partials/scripts_en.ftl"): Not found
2022-10-29 19:20:03,999 DEBUG [TestNG-tests-1] cache:45 - TemplateLoader.findTemplateSource("spark/partials/scripts.ftl"): Found
2022-10-29 19:20:03,999 DEBUG [TestNG-tests-1] cache:45 - Loading template for "spark/partials/scripts.ftl"("en_IN", UTF-8, parsed) from "jar:file:/C:/Users/0167391/.m2/repository/com/aventstack/extentreports/5.0.9/extentreports-5.0.9.jar!/com/aventstack/extentreports/templates/spark/partials/scripts.ftl"
2022-10-29 19:20:04,000 DEBUG [TestNG-tests-1] cache:45 - Couldn't find template in cache for "commons/commons-inject-js.ftl"("en_IN", UTF-8, parsed); will try to load it.
2022-10-29 19:20:04,000 DEBUG [TestNG-tests-1] cache:45 - TemplateLoader.findTemplateSource("commons/commons-inject-js_en_IN.ftl"): Not found
2022-10-29 19:20:04,000 DEBUG [TestNG-tests-1] cache:45 - TemplateLoader.findTemplateSource("commons/commons-inject-js_en.ftl"): Not found
2022-10-29 19:20:04,000 DEBUG [TestNG-tests-1] cache:45 - TemplateLoader.findTemplateSource("commons/commons-inject-js.ftl"): Found
2022-10-29 19:20:04,000 DEBUG [TestNG-tests-1] cache:45 - Loading template for "commons/commons-inject-js.ftl"("en_IN", UTF-8, parsed) from "jar:file:/C:/Users/0167391/.m2/repository/com/aventstack/extentreports/5.0.9/extentreports-5.0.9.jar!/com/aventstack/extentreports/templates/commons/commons-inject-js.ftl"
